0 info it worked if it ends with ok
1 verbose cli [ '/Users/philip/.nvm/versions/node/v5.9.1/bin/node',
1 verbose cli   '/Users/philip/.nvm/versions/node/v5.9.1/bin/npm',
1 verbose cli   'start' ]
2 info using npm@3.7.3
3 info using node@v5.9.1
4 verbose run-script [ 'prestart', 'start', 'poststart' ]
5 info lifecycle pullypusher@0.0.1~prestart: pullypusher@0.0.1
6 silly lifecycle pullypusher@0.0.1~prestart: no script for prestart, continuing
7 info lifecycle pullypusher@0.0.1~start: pullypusher@0.0.1
8 verbose lifecycle pullypusher@0.0.1~start: unsafe-perm in lifecycle true
9 verbose lifecycle pullypusher@0.0.1~start: PATH: /Users/philip/.nvm/versions/node/v5.9.1/lib/node_modules/npm/bin/node-gyp-bin:/Users/philip/github/pullypusher/node_modules/.bin:/Users/philip/.nvm/versions/node/v5.9.1/bin:/Users/philip/google-cloud-sdk/bin:/Users/philip/.nvm/versions/node/v5.9.1/bin:/Users/philip/.rvm/gems/ruby-2.2.1/bin:/Users/philip/.rvm/gems/ruby-2.2.1@global/bin:/Users/philip/.rvm/rubies/ruby-2.2.1/bin:/Users/philip/aws/CloudWatch:/Users/philip/aws/AutoScaling:/usr/local/git/bin:/Users/philip/bin:/usr/local/bin:/Users/philip/Library/Python/2.7/bin:/usr/local/bin:/usr/bin:/bin:/usr/sbin:/sbin:/usr/local/go/bin:/usr/local/MacGPG2/bin:/Users/philip/google-cloud-sdk/bin:/Users/philip/.rvm/gems/ruby-2.2.1/bin:/Users/philip/.rvm/gems/ruby-2.2.1@global/bin:/Users/philip/.rvm/rubies/ruby-2.2.1/bin:/Users/philip/aws/CloudWatch:/Users/philip/aws/AutoScaling:/usr/local/git/bin:/Users/philip/bin:/Users/philip/Library/Python/2.7/bin:/Users/philip/go/bin:/Users/philip/android-sdk/tools:/Users/philip/android-sdk/platform-tools:/Users/philip/.rvm/bin:/Users/philip/go/bin:/Users/philip/android-sdk/tools:/Users/philip/android-sdk/platform-tools:/Users/philip/.rvm/bin
10 verbose lifecycle pullypusher@0.0.1~start: CWD: /Users/philip/github/pullypusher
11 silly lifecycle pullypusher@0.0.1~start: Args: [ '-c', 'node index.js' ]
12 silly lifecycle pullypusher@0.0.1~start: Returned: code: 1  signal: null
13 info lifecycle pullypusher@0.0.1~start: Failed to exec start script
14 verbose stack Error: pullypusher@0.0.1 start: `node index.js`
14 verbose stack Exit status 1
14 verbose stack     at EventEmitter.<anonymous> (/Users/philip/.nvm/versions/node/v5.9.1/lib/node_modules/npm/lib/utils/lifecycle.js:239:16)
14 verbose stack     at emitTwo (events.js:100:13)
14 verbose stack     at EventEmitter.emit (events.js:185:7)
14 verbose stack     at ChildProcess.<anonymous> (/Users/philip/.nvm/versions/node/v5.9.1/lib/node_modules/npm/lib/utils/spawn.js:24:14)
14 verbose stack     at emitTwo (events.js:100:13)
14 verbose stack     at ChildProcess.emit (events.js:185:7)
14 verbose stack     at maybeClose (internal/child_process.js:850:16)
14 verbose stack     at Process.ChildProcess._handle.onexit (internal/child_process.js:215:5)
15 verbose pkgid pullypusher@0.0.1
16 verbose cwd /Users/philip/github/pullypusher
17 error Darwin 15.4.0
18 error argv "/Users/philip/.nvm/versions/node/v5.9.1/bin/node" "/Users/philip/.nvm/versions/node/v5.9.1/bin/npm" "start"
19 error node v5.9.1
20 error npm  v3.7.3
21 error code ELIFECYCLE
22 error pullypusher@0.0.1 start: `node index.js`
22 error Exit status 1
23 error Failed at the pullypusher@0.0.1 start script 'node index.js'.
23 error Make sure you have the latest version of node.js and npm installed.
23 error If you do, this is most likely a problem with the pullypusher package,
23 error not with npm itself.
23 error Tell the author that this fails on your system:
23 error     node index.js
23 error You can get information on how to open an issue for this project with:
23 error     npm bugs pullypusher
23 error Or if that isn't available, you can get their info via:
23 error     npm owner ls pullypusher
23 error There is likely additional logging output above.
24 verbose exit [ 1, true ]
